<?xml version="1.0" encoding="UTF-8"?>
<testsuite xmlns:xsi="http://www.w3.org/2001/XMLSchema-instance" xsi:noNamespaceSchemaLocation="https://maven.apache.org/surefire/maven-surefire-plugin/xsd/surefire-test-report.xsd" name="it.tss.blogapp.boundary.UsersResourceIT" time="1.796" tests="3" errors="0" skipped="0" failures="0">
  <properties>
    <property name="sun.desktop" value="gnome"/>
    <property name="awt.toolkit" value="sun.awt.X11.XToolkit"/>
    <property name="java.specification.version" value="11"/>
    <property name="sun.cpu.isalist" value=""/>
    <property name="sun.jnu.encoding" value="UTF-8"/>
    <property name="java.class.path" value="/home/tss/Documenti/tss22/blogapp/blogapp-st/target/test-classes:/home/tss/Documenti/tss22/blogapp/blogapp-st/target/classes:/home/tss/.m2/repository/org/glassfish/jersey/core/jersey-client/2.31/jersey-client-2.31.jar:/home/tss/.m2/repository/jakarta/ws/rs/jakarta.ws.rs-api/2.1.6/jakarta.ws.rs-api-2.1.6.jar:/home/tss/.m2/repository/org/glassfish/jersey/core/jersey-common/2.31/jersey-common-2.31.jar:/home/tss/.m2/repository/jakarta/annotation/jakarta.annotation-api/1.3.5/jakarta.annotation-api-1.3.5.jar:/home/tss/.m2/repository/org/glassfish/hk2/osgi-resource-locator/1.0.3/osgi-resource-locator-1.0.3.jar:/home/tss/.m2/repository/com/sun/activation/jakarta.activation/1.2.2/jakarta.activation-1.2.2.jar:/home/tss/.m2/repository/org/glassfish/hk2/external/jakarta.inject/2.6.1/jakarta.inject-2.6.1.jar:/home/tss/.m2/repository/org/apache/cxf/cxf-rt-rs-mp-client/3.3.6/cxf-rt-rs-mp-client-3.3.6.jar:/home/tss/.m2/repository/org/apache/cxf/cxf-rt-transports-http/3.3.6/cxf-rt-transports-http-3.3.6.jar:/home/tss/.m2/repository/org/apache/cxf/cxf-rt-rs-client/3.3.6/cxf-rt-rs-client-3.3.6.jar:/home/tss/.m2/repository/org/apache/cxf/cxf-core/3.3.6/cxf-core-3.3.6.jar:/home/tss/.m2/repository/org/glassfish/jaxb/jaxb-runtime/2.3.2/jaxb-runtime-2.3.2.jar:/home/tss/.m2/repository/org/glassfish/jaxb/txw2/2.3.2/txw2-2.3.2.jar:/home/tss/.m2/repository/com/sun/istack/istack-commons-runtime/3.0.8/istack-commons-runtime-3.0.8.jar:/home/tss/.m2/repository/com/sun/xml/fastinfoset/FastInfoset/1.2.16/FastInfoset-1.2.16.jar:/home/tss/.m2/repository/jakarta/activation/jakarta.activation-api/1.2.1/jakarta.activation-api-1.2.1.jar:/home/tss/.m2/repository/com/fasterxml/woodstox/woodstox-core/5.0.3/woodstox-core-5.0.3.jar:/home/tss/.m2/repository/org/codehaus/woodstox/stax2-api/3.1.4/stax2-api-3.1.4.jar:/home/tss/.m2/repository/org/apache/ws/xmlschema/xmlschema-core/2.2.5/xmlschema-core-2.2.5.jar:/home/tss/.m2/repository/jakarta/xml/bind/jakarta.xml.bind-api/2.3.2/jakarta.xml.bind-api-2.3.2.jar:/home/tss/.m2/repository/org/apache/cxf/cxf-rt-frontend-jaxrs/3.3.6/cxf-rt-frontend-jaxrs-3.3.6.jar:/home/tss/.m2/repository/org/apache/cxf/cxf-rt-security/3.3.6/cxf-rt-security-3.3.6.jar:/home/tss/.m2/repository/org/eclipse/microprofile/rest/client/microprofile-rest-client-api/1.4.1/microprofile-rest-client-api-1.4.1.jar:/home/tss/.m2/repository/javax/inject/javax.inject/1/javax.inject-1.jar:/home/tss/.m2/repository/org/apache/cxf/cxf-rt-rs-extension-providers/3.3.6/cxf-rt-rs-extension-providers-3.3.6.jar:/home/tss/.m2/repository/javax/json/javax.json-api/1.1.4/javax.json-api-1.1.4.jar:/home/tss/.m2/repository/javax/annotation/javax.annotation-api/1.3.2/javax.annotation-api-1.3.2.jar:/home/tss/.m2/repository/javax/xml/ws/jaxws-api/2.3.1/jaxws-api-2.3.1.jar:/home/tss/.m2/repository/javax/xml/soap/javax.xml.soap-api/1.4.0/javax.xml.soap-api-1.4.0.jar:/home/tss/.m2/repository/com/sun/activation/javax.activation/1.2.0/javax.activation-1.2.0.jar:/home/tss/.m2/repository/org/apache/geronimo/specs/geronimo-ws-metadata_2.0_spec/1.1.3/geronimo-ws-metadata_2.0_spec-1.1.3.jar:/home/tss/.m2/repository/com/sun/xml/messaging/saaj/saaj-impl/1.4.0-b03/saaj-impl-1.4.0-b03.jar:/home/tss/.m2/repository/org/jvnet/mimepull/mimepull/1.9.7/mimepull-1.9.7.jar:/home/tss/.m2/repository/org/jvnet/staxex/stax-ex/1.7.8/stax-ex-1.7.8.jar:/home/tss/.m2/repository/javax/activation/activation/1.1/activation-1.1.jar:/home/tss/.m2/repository/org/jacorb/jacorb-omgapi/3.9/jacorb-omgapi-3.9.jar:/home/tss/.m2/repository/org/apache/geronimo/specs/geronimo-jta_1.1_spec/1.1.1/geronimo-jta_1.1_spec-1.1.1.jar:/home/tss/.m2/repository/org/jboss/spec/javax/rmi/jboss-rmi-api_1.0_spec/1.0.6.Final/jboss-rmi-api_1.0_spec-1.0.6.Final.jar:/home/tss/.m2/repository/org/junit/jupiter/junit-jupiter/5.6.2/junit-jupiter-5.6.2.jar:/home/tss/.m2/repository/org/junit/jupiter/junit-jupiter-api/5.6.2/junit-jupiter-api-5.6.2.jar:/home/tss/.m2/repository/org/apiguardian/apiguardian-api/1.1.0/apiguardian-api-1.1.0.jar:/home/tss/.m2/repository/org/opentest4j/opentest4j/1.2.0/opentest4j-1.2.0.jar:/home/tss/.m2/repository/org/junit/platform/junit-platform-commons/1.6.2/junit-platform-commons-1.6.2.jar:/home/tss/.m2/repository/org/junit/jupiter/junit-jupiter-params/5.6.2/junit-jupiter-params-5.6.2.jar:/home/tss/.m2/repository/org/junit/jupiter/junit-jupiter-engine/5.6.2/junit-jupiter-engine-5.6.2.jar:/home/tss/.m2/repository/org/junit/platform/junit-platform-engine/1.6.2/junit-platform-engine-1.6.2.jar:/home/tss/.m2/repository/org/glassfish/javax.json/1.0.4/javax.json-1.0.4.jar:"/>
    <property name="java.vm.vendor" value="Debian"/>
    <property name="sun.arch.data.model" value="64"/>
    <property name="java.vendor.url" value="https://tracker.debian.org/openjdk-11"/>
    <property name="user.timezone" value=""/>
    <property name="java.vm.specification.version" value="11"/>
    <property name="os.name" value="Linux"/>
    <property name="user.country" value="IT"/>
    <property name="sun.java.launcher" value="SUN_STANDARD"/>
    <property name="sun.boot.library.path" value="/usr/lib/jvm/java-11-openjdk-amd64/lib"/>
    <property name="sun.java.command" value="/home/tss/Documenti/tss22/blogapp/blogapp-st/target/surefire/surefirebooter8541585402650645383.jar /home/tss/Documenti/tss22/blogapp/blogapp-st/target/surefire 2022-04-08T15-49-53_659-jvmRun1 surefire5685264394512538357tmp surefire_015788870470392943135tmp"/>
    <property name="jdk.debug" value="release"/>
    <property name="test" value="it.tss.blogapp.boundary.UsersResourceIT"/>
    <property name="surefire.test.class.path" value="/home/tss/Documenti/tss22/blogapp/blogapp-st/target/test-classes:/home/tss/Documenti/tss22/blogapp/blogapp-st/target/classes:/home/tss/.m2/repository/org/glassfish/jersey/core/jersey-client/2.31/jersey-client-2.31.jar:/home/tss/.m2/repository/jakarta/ws/rs/jakarta.ws.rs-api/2.1.6/jakarta.ws.rs-api-2.1.6.jar:/home/tss/.m2/repository/org/glassfish/jersey/core/jersey-common/2.31/jersey-common-2.31.jar:/home/tss/.m2/repository/jakarta/annotation/jakarta.annotation-api/1.3.5/jakarta.annotation-api-1.3.5.jar:/home/tss/.m2/repository/org/glassfish/hk2/osgi-resource-locator/1.0.3/osgi-resource-locator-1.0.3.jar:/home/tss/.m2/repository/com/sun/activation/jakarta.activation/1.2.2/jakarta.activation-1.2.2.jar:/home/tss/.m2/repository/org/glassfish/hk2/external/jakarta.inject/2.6.1/jakarta.inject-2.6.1.jar:/home/tss/.m2/repository/org/apache/cxf/cxf-rt-rs-mp-client/3.3.6/cxf-rt-rs-mp-client-3.3.6.jar:/home/tss/.m2/repository/org/apache/cxf/cxf-rt-transports-http/3.3.6/cxf-rt-transports-http-3.3.6.jar:/home/tss/.m2/repository/org/apache/cxf/cxf-rt-rs-client/3.3.6/cxf-rt-rs-client-3.3.6.jar:/home/tss/.m2/repository/org/apache/cxf/cxf-core/3.3.6/cxf-core-3.3.6.jar:/home/tss/.m2/repository/org/glassfish/jaxb/jaxb-runtime/2.3.2/jaxb-runtime-2.3.2.jar:/home/tss/.m2/repository/org/glassfish/jaxb/txw2/2.3.2/txw2-2.3.2.jar:/home/tss/.m2/repository/com/sun/istack/istack-commons-runtime/3.0.8/istack-commons-runtime-3.0.8.jar:/home/tss/.m2/repository/com/sun/xml/fastinfoset/FastInfoset/1.2.16/FastInfoset-1.2.16.jar:/home/tss/.m2/repository/jakarta/activation/jakarta.activation-api/1.2.1/jakarta.activation-api-1.2.1.jar:/home/tss/.m2/repository/com/fasterxml/woodstox/woodstox-core/5.0.3/woodstox-core-5.0.3.jar:/home/tss/.m2/repository/org/codehaus/woodstox/stax2-api/3.1.4/stax2-api-3.1.4.jar:/home/tss/.m2/repository/org/apache/ws/xmlschema/xmlschema-core/2.2.5/xmlschema-core-2.2.5.jar:/home/tss/.m2/repository/jakarta/xml/bind/jakarta.xml.bind-api/2.3.2/jakarta.xml.bind-api-2.3.2.jar:/home/tss/.m2/repository/org/apache/cxf/cxf-rt-frontend-jaxrs/3.3.6/cxf-rt-frontend-jaxrs-3.3.6.jar:/home/tss/.m2/repository/org/apache/cxf/cxf-rt-security/3.3.6/cxf-rt-security-3.3.6.jar:/home/tss/.m2/repository/org/eclipse/microprofile/rest/client/microprofile-rest-client-api/1.4.1/microprofile-rest-client-api-1.4.1.jar:/home/tss/.m2/repository/javax/inject/javax.inject/1/javax.inject-1.jar:/home/tss/.m2/repository/org/apache/cxf/cxf-rt-rs-extension-providers/3.3.6/cxf-rt-rs-extension-providers-3.3.6.jar:/home/tss/.m2/repository/javax/json/javax.json-api/1.1.4/javax.json-api-1.1.4.jar:/home/tss/.m2/repository/javax/annotation/javax.annotation-api/1.3.2/javax.annotation-api-1.3.2.jar:/home/tss/.m2/repository/javax/xml/ws/jaxws-api/2.3.1/jaxws-api-2.3.1.jar:/home/tss/.m2/repository/javax/xml/soap/javax.xml.soap-api/1.4.0/javax.xml.soap-api-1.4.0.jar:/home/tss/.m2/repository/com/sun/activation/javax.activation/1.2.0/javax.activation-1.2.0.jar:/home/tss/.m2/repository/org/apache/geronimo/specs/geronimo-ws-metadata_2.0_spec/1.1.3/geronimo-ws-metadata_2.0_spec-1.1.3.jar:/home/tss/.m2/repository/com/sun/xml/messaging/saaj/saaj-impl/1.4.0-b03/saaj-impl-1.4.0-b03.jar:/home/tss/.m2/repository/org/jvnet/mimepull/mimepull/1.9.7/mimepull-1.9.7.jar:/home/tss/.m2/repository/org/jvnet/staxex/stax-ex/1.7.8/stax-ex-1.7.8.jar:/home/tss/.m2/repository/javax/activation/activation/1.1/activation-1.1.jar:/home/tss/.m2/repository/org/jacorb/jacorb-omgapi/3.9/jacorb-omgapi-3.9.jar:/home/tss/.m2/repository/org/apache/geronimo/specs/geronimo-jta_1.1_spec/1.1.1/geronimo-jta_1.1_spec-1.1.1.jar:/home/tss/.m2/repository/org/jboss/spec/javax/rmi/jboss-rmi-api_1.0_spec/1.0.6.Final/jboss-rmi-api_1.0_spec-1.0.6.Final.jar:/home/tss/.m2/repository/org/junit/jupiter/junit-jupiter/5.6.2/junit-jupiter-5.6.2.jar:/home/tss/.m2/repository/org/junit/jupiter/junit-jupiter-api/5.6.2/junit-jupiter-api-5.6.2.jar:/home/tss/.m2/repository/org/apiguardian/apiguardian-api/1.1.0/apiguardian-api-1.1.0.jar:/home/tss/.m2/repository/org/opentest4j/opentest4j/1.2.0/opentest4j-1.2.0.jar:/home/tss/.m2/repository/org/junit/platform/junit-platform-commons/1.6.2/junit-platform-commons-1.6.2.jar:/home/tss/.m2/repository/org/junit/jupiter/junit-jupiter-params/5.6.2/junit-jupiter-params-5.6.2.jar:/home/tss/.m2/repository/org/junit/jupiter/junit-jupiter-engine/5.6.2/junit-jupiter-engine-5.6.2.jar:/home/tss/.m2/repository/org/junit/platform/junit-platform-engine/1.6.2/junit-platform-engine-1.6.2.jar:/home/tss/.m2/repository/org/glassfish/javax.json/1.0.4/javax.json-1.0.4.jar:"/>
    <property name="sun.cpu.endian" value="little"/>
    <property name="user.home" value="/home/tss"/>
    <property name="user.language" value="it"/>
    <property name="java.specification.vendor" value="Oracle Corporation"/>
    <property name="java.version.date" value="2021-10-19"/>
    <property name="java.home" value="/usr/lib/jvm/java-11-openjdk-amd64"/>
    <property name="file.separator" value="/"/>
    <property name="basedir" value="/home/tss/Documenti/tss22/blogapp/blogapp-st"/>
    <property name="java.vm.compressedOopsMode" value="32-bit"/>
    <property name="line.separator" value="&#10;"/>
    <property name="java.specification.name" value="Java Platform API Specification"/>
    <property name="java.vm.specification.vendor" value="Oracle Corporation"/>
    <property name="java.awt.graphicsenv" value="sun.awt.X11GraphicsEnvironment"/>
    <property name="surefire.real.class.path" value="/home/tss/Documenti/tss22/blogapp/blogapp-st/target/surefire/surefirebooter8541585402650645383.jar"/>
    <property name="sun.management.compiler" value="HotSpot 64-Bit Tiered Compilers"/>
    <property name="java.runtime.version" value="11.0.13+8-post-Debian-1deb10u1"/>
    <property name="user.name" value="tss"/>
    <property name="path.separator" value=":"/>
    <property name="os.version" value="4.19.0-18-amd64"/>
    <property name="java.runtime.name" value="OpenJDK Runtime Environment"/>
    <property name="file.encoding" value="UTF-8"/>
    <property name="java.vm.name" value="OpenJDK 64-Bit Server VM"/>
    <property name="maven.ext.class.path" value="/home/tss/netbeans-12.6/netbeans/java/maven-nblib/netbeans-eventspy.jar"/>
    <property name="localRepository" value="/home/tss/.m2/repository"/>
    <property name="java.vendor.url.bug" value="https://bugs.debian.org/openjdk-11"/>
    <property name="java.io.tmpdir" value="/tmp"/>
    <property name="java.version" value="11.0.13"/>
    <property name="user.dir" value="/home/tss/Documenti/tss22/blogapp/blogapp-st"/>
    <property name="os.arch" value="amd64"/>
    <property name="java.vm.specification.name" value="Java Virtual Machine Specification"/>
    <property name="java.awt.printerjob" value="sun.print.PSPrinterJob"/>
    <property name="sun.os.patch.level" value="unknown"/>
    <property name="java.library.path" value="/usr/java/packages/lib:/usr/lib/x86_64-linux-gnu/jni:/lib/x86_64-linux-gnu:/usr/lib/x86_64-linux-gnu:/usr/lib/jni:/lib:/usr/lib"/>
    <property name="java.vm.info" value="mixed mode, sharing"/>
    <property name="java.vendor" value="Debian"/>
    <property name="java.vm.version" value="11.0.13+8-post-Debian-1deb10u1"/>
    <property name="sun.io.unicode.encoding" value="UnicodeLittle"/>
    <property name="java.class.version" value="55.0"/>
  </properties>
  <testcase name="registration" classname="it.tss.blogapp.boundary.UsersResourceIT" time="0.409"/>
  <testcase name="login" classname="it.tss.blogapp.boundary.UsersResourceIT" time="0.054"/>
  <testcase name="delete" classname="it.tss.blogapp.boundary.UsersResourceIT" time="0.07"/>
</testsuite>